<?xml version="1.0" encoding="UTF-8"?>
<testsuite name="com.demo.service.MailServiceIntTest" tests="9" skipped="0" failures="0" errors="0" timestamp="2018-12-22T09:23:54" hostname="LAPTOP-ANBQLHRS" time="0.742">
  <properties/>
  <testcase name="testSendPasswordResetMail" classname="com.demo.service.MailServiceIntTest" time="0.583"/>
  <testcase name="testCreationEmail" classname="com.demo.service.MailServiceIntTest" time="0.014"/>
  <testcase name="testSendEmailWithException" classname="com.demo.service.MailServiceIntTest" time="0.02"/>
  <testcase name="testSendHtmlEmail" classname="com.demo.service.MailServiceIntTest" time="0.011"/>
  <testcase name="testSendMultipartHtmlEmail" classname="com.demo.service.MailServiceIntTest" time="0.037"/>
  <testcase name="testSendEmail" classname="com.demo.service.MailServiceIntTest" time="0.008"/>
  <testcase name="testSendMultipartEmail" classname="com.demo.service.MailServiceIntTest" time="0.009"/>
  <testcase name="testSendActivationEmail" classname="com.demo.service.MailServiceIntTest" time="0.013"/>
  <testcase name="testSendEmailFromTemplate" classname="com.demo.service.MailServiceIntTest" time="0.012"/>
  <system-out><![CDATA[2018-12-22 17:23:55.423  WARN 16740 --- [    Test worker] com.demo.service.MailService             : Email could not be sent to user 'john.doe@example.com': null
]]></system-out>
  <system-err><![CDATA[]]></system-err>
</testsuite>
