<?xml version="1.0" encoding="UTF-8"?>
<testsuite name="com.demo.config.WebConfigurerTest" tests="8" skipped="0" failures="0" errors="0" timestamp="2018-12-22T09:23:04" hostname="LAPTOP-ANBQLHRS" time="3.917">
  <properties/>
  <testcase name="testCorsFilterOnOtherPath" classname="com.demo.config.WebConfigurerTest" time="3.643"/>
  <testcase name="testCorsFilterDeactivated" classname="com.demo.config.WebConfigurerTest" time="0.04"/>
  <testcase name="testStartUpProdServletContext" classname="com.demo.config.WebConfigurerTest" time="0.109"/>
  <testcase name="testUndertowHttp2Enabled" classname="com.demo.config.WebConfigurerTest" time="0.046"/>
  <testcase name="testCorsFilterOnApiPath" classname="com.demo.config.WebConfigurerTest" time="0.036"/>
  <testcase name="testStartUpDevServletContext" classname="com.demo.config.WebConfigurerTest" time="0.004"/>
  <testcase name="testCorsFilterDeactivated2" classname="com.demo.config.WebConfigurerTest" time="0.033"/>
  <testcase name="testCustomizeServletContainer" classname="com.demo.config.WebConfigurerTest" time="0.004"/>
  <system-out><![CDATA[2018-12-22 17:23:08.183  INFO   --- [    Test worker] com.demo.config.WebConfigurer            : Web application configuration, using profiles: prod
2018-12-22 17:23:08.212  INFO   --- [    Test worker] com.demo.config.WebConfigurer            : Web application fully configured
2018-12-22 17:23:08.375  INFO   --- [    Test worker] com.demo.config.WebConfigurer            : Web application configuration, using profiles: dev
2018-12-22 17:23:08.376  INFO   --- [    Test worker] com.demo.config.WebConfigurer            : Web application fully configured
]]></system-out>
  <system-err><![CDATA[]]></system-err>
</testsuite>
