<?xml version="1.0" encoding="UTF-8"?>
<testsuite name="com.demo.security.SecurityUtilsUnitTest" tests="5" skipped="0" failures="0" errors="0" timestamp="2018-12-22T09:23:54" hostname="LAPTOP-ANBQLHRS" time="0.01">
  <properties/>
  <testcase name="testIsCurrentUserInRole" classname="com.demo.security.SecurityUtilsUnitTest" time="0.002"/>
  <testcase name="testIsAuthenticated" classname="com.demo.security.SecurityUtilsUnitTest" time="0.002"/>
  <testcase name="testgetCurrentUserJWT" classname="com.demo.security.SecurityUtilsUnitTest" time="0.005"/>
  <testcase name="testgetCurrentUserLogin" classname="com.demo.security.SecurityUtilsUnitTest" time="0.0"/>
  <testcase name="testAnonymousIsNotAuthenticated" classname="com.demo.security.SecurityUtilsUnitTest" time="0.0"/>
  <system-out><![CDATA[]]></system-out>
  <system-err><![CDATA[]]></system-err>
</testsuite>
