<?xml version="1.0" encoding="UTF-8"?>
<testsuite name="com.demo.security.jwt.TokenProviderTest" tests="5" skipped="0" failures="0" errors="0" timestamp="2018-12-22T09:23:54" hostname="LAPTOP-ANBQLHRS" time="0.06">
  <properties/>
  <testcase name="testReturnFalseWhenJWTisInvalid" classname="com.demo.security.jwt.TokenProviderTest" time="0.049"/>
  <testcase name="testReturnFalseWhenJWTisExpired" classname="com.demo.security.jwt.TokenProviderTest" time="0.003"/>
  <testcase name="testReturnFalseWhenJWThasInvalidSignature" classname="com.demo.security.jwt.TokenProviderTest" time="0.002"/>
  <testcase name="testReturnFalseWhenJWTisMalformed" classname="com.demo.security.jwt.TokenProviderTest" time="0.002"/>
  <testcase name="testReturnFalseWhenJWTisUnsupported" classname="com.demo.security.jwt.TokenProviderTest" time="0.003"/>
  <system-out><![CDATA[2018-12-22 17:23:54.623  INFO 16740 --- [    Test worker] com.demo.security.jwt.TokenProvider      : JWT token compact of handler are invalid.
2018-12-22 17:23:54.627  INFO 16740 --- [    Test worker] com.demo.security.jwt.TokenProvider      : Expired JWT token.
2018-12-22 17:23:54.629  INFO 16740 --- [    Test worker] com.demo.security.jwt.TokenProvider      : Invalid JWT signature.
2018-12-22 17:23:54.632  INFO 16740 --- [    Test worker] com.demo.security.jwt.TokenProvider      : Invalid JWT signature.
2018-12-22 17:23:54.634  INFO 16740 --- [    Test worker] com.demo.security.jwt.TokenProvider      : Unsupported JWT token.
]]></system-out>
  <system-err><![CDATA[]]></system-err>
</testsuite>
