<?xml version="1.0" encoding="UTF-8"?>
<testsuite name="com.demo.web.rest.UserResourceIntTest" tests="18" skipped="0" failures="0" errors="0" timestamp="2018-12-22T09:24:06" hostname="LAPTOP-ANBQLHRS" time="2.069">
  <properties/>
  <testcase name="createUserWithExistingEmail" classname="com.demo.web.rest.UserResourceIntTest" time="0.111"/>
  <testcase name="createUserWithExistingLogin" classname="com.demo.web.rest.UserResourceIntTest" time="0.122"/>
  <testcase name="getAllUsers" classname="com.demo.web.rest.UserResourceIntTest" time="0.117"/>
  <testcase name="updateUser" classname="com.demo.web.rest.UserResourceIntTest" time="0.119"/>
  <testcase name="getAllAuthorities" classname="com.demo.web.rest.UserResourceIntTest" time="0.106"/>
  <testcase name="getUser" classname="com.demo.web.rest.UserResourceIntTest" time="0.099"/>
  <testcase name="createUserWithExistingId" classname="com.demo.web.rest.UserResourceIntTest" time="0.107"/>
  <testcase name="testUserDTOtoUser" classname="com.demo.web.rest.UserResourceIntTest" time="0.106"/>
  <testcase name="testUserEquals" classname="com.demo.web.rest.UserResourceIntTest" time="0.093"/>
  <testcase name="getNonExistingUser" classname="com.demo.web.rest.UserResourceIntTest" time="0.098"/>
  <testcase name="testUserFromId" classname="com.demo.web.rest.UserResourceIntTest" time="0.096"/>
  <testcase name="testAuthorityEquals" classname="com.demo.web.rest.UserResourceIntTest" time="0.093"/>
  <testcase name="updateUserExistingEmail" classname="com.demo.web.rest.UserResourceIntTest" time="0.12"/>
  <testcase name="updateUserExistingLogin" classname="com.demo.web.rest.UserResourceIntTest" time="0.126"/>
  <testcase name="createUser" classname="com.demo.web.rest.UserResourceIntTest" time="0.211"/>
  <testcase name="updateUserLogin" classname="com.demo.web.rest.UserResourceIntTest" time="0.134"/>
  <testcase name="deleteUser" classname="com.demo.web.rest.UserResourceIntTest" time="0.101"/>
  <testcase name="testUserToUserDTO" classname="com.demo.web.rest.UserResourceIntTest" time="0.096"/>
  <system-out><![CDATA[2018-12-22 17:24:06.768 ERROR 16740 --- [    Test worker] com.demo.web.rest.util.HeaderUtil        : Entity processing failed, Email is already in use!
2018-12-22 17:24:06.768  WARN 16740 --- [    Test worker] o.z.problem.spring.common.AdviceTrait    : Bad Request: Email is already in use!
2018-12-22 17:24:06.889 ERROR 16740 --- [    Test worker] com.demo.web.rest.util.HeaderUtil        : Entity processing failed, Login name already used!
2018-12-22 17:24:06.890  WARN 16740 --- [    Test worker] o.z.problem.spring.common.AdviceTrait    : Bad Request: Login name already used!
2018-12-22 17:24:07.436 ERROR 16740 --- [    Test worker] com.demo.web.rest.util.HeaderUtil        : Entity processing failed, A new user cannot already have an ID
2018-12-22 17:24:07.437  WARN 16740 --- [    Test worker] o.z.problem.spring.common.AdviceTrait    : Bad Request: A new user cannot already have an ID
2018-12-22 17:24:08.053 ERROR 16740 --- [    Test worker] com.demo.web.rest.util.HeaderUtil        : Entity processing failed, Email is already in use!
2018-12-22 17:24:08.054  WARN 16740 --- [    Test worker] o.z.problem.spring.common.AdviceTrait    : Bad Request: Email is already in use!
2018-12-22 17:24:08.179 ERROR 16740 --- [    Test worker] com.demo.web.rest.util.HeaderUtil        : Entity processing failed, Login name already used!
2018-12-22 17:24:08.180  WARN 16740 --- [    Test worker] o.z.problem.spring.common.AdviceTrait    : Bad Request: Login name already used!
]]></system-out>
  <system-err><![CDATA[]]></system-err>
</testsuite>
