<?xml version="1.0" encoding="UTF-8"?>
<testsuite name="com.demo.security.jwt.JWTFilterTest" tests="5" skipped="0" failures="0" errors="0" timestamp="2018-12-22T09:23:54" hostname="LAPTOP-ANBQLHRS" time="0.266">
  <properties/>
  <testcase name="testJWTFilterInvalidToken" classname="com.demo.security.jwt.JWTFilterTest" time="0.058"/>
  <testcase name="testJWTFilter" classname="com.demo.security.jwt.JWTFilterTest" time="0.207"/>
  <testcase name="testJWTFilterMissingAuthorization" classname="com.demo.security.jwt.JWTFilterTest" time="0.0"/>
  <testcase name="testJWTFilterMissingToken" classname="com.demo.security.jwt.JWTFilterTest" time="0.0"/>
  <testcase name="testJWTFilterWrongScheme" classname="com.demo.security.jwt.JWTFilterTest" time="0.001"/>
  <system-out><![CDATA[2018-12-22 17:23:54.365  INFO 16740 --- [    Test worker] com.demo.security.jwt.TokenProvider      : Invalid JWT signature.
]]></system-out>
  <system-err><![CDATA[]]></system-err>
</testsuite>
