<?xml version="1.0" encoding="UTF-8"?>
<testsuite name="com.demo.web.rest.util.PaginationUtilUnitTest" tests="4" skipped="0" failures="0" errors="0" timestamp="2018-12-22T09:24:08" hostname="LAPTOP-ANBQLHRS" time="0.004">
  <properties/>
  <testcase name="greaterSemicolonTest" classname="com.demo.web.rest.util.PaginationUtilUnitTest" time="0.001"/>
  <testcase name="commaTest" classname="com.demo.web.rest.util.PaginationUtilUnitTest" time="0.0"/>
  <testcase name="multiplePagesTest" classname="com.demo.web.rest.util.PaginationUtilUnitTest" time="0.002"/>
  <testcase name="generatePaginationHttpHeadersTest" classname="com.demo.web.rest.util.PaginationUtilUnitTest" time="0.0"/>
  <system-out><![CDATA[]]></system-out>
  <system-err><![CDATA[]]></system-err>
</testsuite>
