<?xml version="1.0" encoding="UTF-8"?>
<testsuite name="com.demo.web.rest.AuditResourceIntTest" tests="5" skipped="0" failures="0" errors="0" timestamp="2018-12-22T09:24:04" hostname="LAPTOP-ANBQLHRS" time="0.184">
  <properties/>
  <testcase name="getNonExistingAudit" classname="com.demo.web.rest.AuditResourceIntTest" time="0.03"/>
  <testcase name="getNonExistingAuditsByDate" classname="com.demo.web.rest.AuditResourceIntTest" time="0.054"/>
  <testcase name="getAllAudits" classname="com.demo.web.rest.AuditResourceIntTest" time="0.044"/>
  <testcase name="getAuditsByDate" classname="com.demo.web.rest.AuditResourceIntTest" time="0.029"/>
  <testcase name="getAudit" classname="com.demo.web.rest.AuditResourceIntTest" time="0.023"/>
  <system-out><![CDATA[]]></system-out>
  <system-err><![CDATA[]]></system-err>
</testsuite>
