<?xml version="1.0" encoding="UTF-8"?>
<testsuite name="com.demo.web.rest.UserJWTControllerIntTest" tests="3" skipped="0" failures="0" errors="0" timestamp="2018-12-22T09:24:05" hostname="LAPTOP-ANBQLHRS" time="0.844">
  <properties/>
  <testcase name="testAuthorizeFails" classname="com.demo.web.rest.UserJWTControllerIntTest" time="0.293"/>
  <testcase name="testAuthorizeWithRememberMe" classname="com.demo.web.rest.UserJWTControllerIntTest" time="0.287"/>
  <testcase name="testAuthorize" classname="com.demo.web.rest.UserJWTControllerIntTest" time="0.262"/>
  <system-out><![CDATA[2018-12-22 17:24:06.074  WARN 16740 --- [    Test worker] o.z.problem.spring.common.AdviceTrait    : Unauthorized: Bad credentials
]]></system-out>
  <system-err><![CDATA[]]></system-err>
</testsuite>
